<?xml version="1.0" encoding="utf-8"?>
<shfbBuild product="Sandcastle Help File Builder" version="1.9.7.0" projectFile="C:\Data\Development\SVN Checkouts\NuGardt\NuGardt Repo\dotnet\Lib\Prowl.API\SandCastle.shfbproj" started="30.06.2013 22:43:40">
<buildStep step="Initializing">
Finding tools...
Searching for Sandcastle tools...
Found Sandcastle tools in &#39;C:\Program Files (x86)\Sandcastle\&#39;
The DXROOT system environment variable was not found.  This variable is usually created during installation and may require a reboot.  It has been defined temporarily for this process as: DXROOT=C:\Program Files (x86)\Sandcastle\
</buildStep>
<buildStep step="ValidatingDocumentationSources">
Validating and copying documentation source information
Source: C:\Data\Development\SVN Checkouts\NuGardt\NuGardt Repo\dotnet\Lib\Prowl.API\NuGardt Prowl.API.sln
    Found project &#39;C:\Data\Development\SVN Checkouts\NuGardt\NuGardt Repo\dotnet\Lib\Prowl.API\NuGardt Prowl.API.vbproj&#39;

Parsing project files
    Found assembly &#39;C:\Data\Development\SVN Checkouts\NuGardt\NuGardt Repo\dotnet\Lib\Prowl.API\bin\Debug\NuGardt.Prowl.API.dll&#39;

References to include (excluding framework assemblies):
    None

Copying XML comments files
    C:\Data\Development\SVN Checkouts\NuGardt\NuGardt Repo\dotnet\Lib\Prowl.API\bin\Debug\NuGardt.Prowl.API.xml -&gt; C:\Data\Development\SVN Checkouts\NuGardt\NuGardt Repo\dotnet\Lib\Prowl.API\Help\Working\NuGardt.Prowl.API.xml
</buildStep>
<buildStep step="GenerateSharedContent">
Generating shared content files (en-US, Englisch (USA))...
    Last step completed in 00:00:00.0410
</buildStep>
<buildStep step="GenerateApiFilter">
Generating API filter for MRefBuilder...
    Last step completed in 00:00:00.0090
</buildStep>
<buildStep step="GenerateReflectionInfo">
Generating reflection information...
[C:\Windows\Microsoft.NET\Framework64\v4.0.30319\MSBuild.exe]
  MRefBuilder (v2.7.3.0)
  Copyright &#184; 2006-2013, Microsoft Corporation, All Rights Reserved.
  Portions Copyright &#184; 2006-2013, Eric Woodruff, All Rights Reserved.
  Info: Loaded 1 assemblies for reflection and 1 dependency assemblies.
  Info: Wrote information on 1 namespaces, 6 types, and 36 members
  XslTransform (v2.7.3.0)
  Copyright &#184; 2006-2013, Microsoft Corporation, All Rights Reserved.
  Portions Copyright &#184; 2006-2013, Eric Woodruff, All Rights Reserved.
  Info: Applying XSL transformation &#39;C:\Program Files (x86)\Sandcastle\ProductionTransforms\MergeDuplicates.xsl&#39;.
    Last step completed in 00:00:02.8666
</buildStep>
<buildStep step="GenerateNamespaceSummaries">
Generating namespace summary information...
    Last step completed in 00:00:00.0090
</buildStep>
<buildStep step="ApplyVisibilityProperties">
Applying visibility properties to reflection information file
    17 attribute nodes removed
    0 protected members noted for removal
    2 protected inherited framework members noted for removal
    Removing previously noted unwanted APIs and elements
    Last step completed in 00:00:00.0270
</buildStep>
<buildStep step="TransformReflectionInfo">
Transforming reflection output...
[C:\Windows\Microsoft.NET\Framework64\v4.0.30319\MSBuild.exe]
  XslTransform (v2.7.3.0)
  Copyright &#184; 2006-2013, Microsoft Corporation, All Rights Reserved.
  Portions Copyright &#184; 2006-2013, Eric Woodruff, All Rights Reserved.
  Info: Applying XSL transformation &#39;C:\Program Files (x86)\Sandcastle\\ProductionTransforms\ApplyVSDocModel.xsl&#39;.
  Info: Applying XSL transformation &#39;C:\Program Files (x86)\Sandcastle\ProductionTransforms\AddGuidFilenames.xsl&#39;.
  XslTransform (v2.7.3.0)
  Copyright &#184; 2006-2013, Microsoft Corporation, All Rights Reserved.
  Portions Copyright &#184; 2006-2013, Eric Woodruff, All Rights Reserved.
  Info: Applying XSL transformation &#39;C:\Program Files (x86)\Sandcastle\ProductionTransforms\ReflectionToManifest.xsl&#39;.
    Last step completed in 00:00:03.0116
</buildStep>
<buildStep step="ModifyHelpTopicFilenames">
Modifying help topic filenames in reflection information file
    No changes required
    Last step completed in 00:00:00.0130
</buildStep>
<buildStep step="CopyStandardContent">
Copying standard help content...
C:\Program Files (x86)\Sandcastle\\Presentation\VS2010\icons\1_404_bullet.gif -&gt; C:\Data\Development\SVN Checkouts\NuGardt\NuGardt Repo\dotnet\Lib\Prowl.API\Help\Working\Output\Website\icons\1_404_bullet.gif
C:\Program Files (x86)\Sandcastle\\Presentation\VS2010\icons\2_404_bullet.gif -&gt; C:\Data\Development\SVN Checkouts\NuGardt\NuGardt Repo\dotnet\Lib\Prowl.API\Help\Working\Output\Website\icons\2_404_bullet.gif
C:\Program Files (x86)\Sandcastle\\Presentation\VS2010\icons\alert_caution.gif -&gt; C:\Data\Development\SVN Checkouts\NuGardt\NuGardt Repo\dotnet\Lib\Prowl.API\Help\Working\Output\Website\icons\alert_caution.gif
C:\Program Files (x86)\Sandcastle\\Presentation\VS2010\icons\alert_note.gif -&gt; C:\Data\Development\SVN Checkouts\NuGardt\NuGardt Repo\dotnet\Lib\Prowl.API\Help\Working\Output\Website\icons\alert_note.gif
C:\Program Files (x86)\Sandcastle\\Presentation\VS2010\icons\alert_security.gif -&gt; C:\Data\Development\SVN Checkouts\NuGardt\NuGardt Repo\dotnet\Lib\Prowl.API\Help\Working\Output\Website\icons\alert_security.gif
C:\Program Files (x86)\Sandcastle\\Presentation\VS2010\icons\CFW.gif -&gt; C:\Data\Development\SVN Checkouts\NuGardt\NuGardt Repo\dotnet\Lib\Prowl.API\Help\Working\Output\Website\icons\CFW.gif
C:\Program Files (x86)\Sandcastle\\Presentation\VS2010\icons\close.gif -&gt; C:\Data\Development\SVN Checkouts\NuGardt\NuGardt Repo\dotnet\Lib\Prowl.API\Help\Working\Output\Website\icons\close.gif
C:\Program Files (x86)\Sandcastle\\Presentation\VS2010\icons\favicon.ico -&gt; C:\Data\Development\SVN Checkouts\NuGardt\NuGardt Repo\dotnet\Lib\Prowl.API\Help\Working\Output\Website\icons\favicon.ico
C:\Program Files (x86)\Sandcastle\\Presentation\VS2010\icons\footer_slice.gif -&gt; C:\Data\Development\SVN Checkouts\NuGardt\NuGardt Repo\dotnet\Lib\Prowl.API\Help\Working\Output\Website\icons\footer_slice.gif
C:\Program Files (x86)\Sandcastle\\Presentation\VS2010\icons\info_icon.gif -&gt; C:\Data\Development\SVN Checkouts\NuGardt\NuGardt Repo\dotnet\Lib\Prowl.API\Help\Working\Output\Website\icons\info_icon.gif
C:\Program Files (x86)\Sandcastle\\Presentation\VS2010\icons\note.gif -&gt; C:\Data\Development\SVN Checkouts\NuGardt\NuGardt Repo\dotnet\Lib\Prowl.API\Help\Working\Output\Website\icons\note.gif
C:\Program Files (x86)\Sandcastle\\Presentation\VS2010\icons\online_icon.gif -&gt; C:\Data\Development\SVN Checkouts\NuGardt\NuGardt Repo\dotnet\Lib\Prowl.API\Help\Working\Output\Website\icons\online_icon.gif
C:\Program Files (x86)\Sandcastle\\Presentation\VS2010\icons\open.gif -&gt; C:\Data\Development\SVN Checkouts\NuGardt\NuGardt Repo\dotnet\Lib\Prowl.API\Help\Working\Output\Website\icons\open.gif
C:\Program Files (x86)\Sandcastle\\Presentation\VS2010\icons\pencil.GIF -&gt; C:\Data\Development\SVN Checkouts\NuGardt\NuGardt Repo\dotnet\Lib\Prowl.API\Help\Working\Output\Website\icons\pencil.GIF
C:\Program Files (x86)\Sandcastle\\Presentation\VS2010\icons\privclass.gif -&gt; C:\Data\Development\SVN Checkouts\NuGardt\NuGardt Repo\dotnet\Lib\Prowl.API\Help\Working\Output\Website\icons\privclass.gif
C:\Program Files (x86)\Sandcastle\\Presentation\VS2010\icons\privdelegate.gif -&gt; C:\Data\Development\SVN Checkouts\NuGardt\NuGardt Repo\dotnet\Lib\Prowl.API\Help\Working\Output\Website\icons\privdelegate.gif
C:\Program Files (x86)\Sandcastle\\Presentation\VS2010\icons\privenumeration.gif -&gt; C:\Data\Development\SVN Checkouts\NuGardt\NuGardt Repo\dotnet\Lib\Prowl.API\Help\Working\Output\Website\icons\privenumeration.gif
C:\Program Files (x86)\Sandcastle\\Presentation\VS2010\icons\privevent.gif -&gt; C:\Data\Development\SVN Checkouts\NuGardt\NuGardt Repo\dotnet\Lib\Prowl.API\Help\Working\Output\Website\icons\privevent.gif
C:\Program Files (x86)\Sandcastle\\Presentation\VS2010\icons\privextension.gif -&gt; C:\Data\Development\SVN Checkouts\NuGardt\NuGardt Repo\dotnet\Lib\Prowl.API\Help\Working\Output\Website\icons\privextension.gif
C:\Program Files (x86)\Sandcastle\\Presentation\VS2010\icons\privfield.gif -&gt; C:\Data\Development\SVN Checkouts\NuGardt\NuGardt Repo\dotnet\Lib\Prowl.API\Help\Working\Output\Website\icons\privfield.gif
C:\Program Files (x86)\Sandcastle\\Presentation\VS2010\icons\privinterface.gif -&gt; C:\Data\Development\SVN Checkouts\NuGardt\NuGardt Repo\dotnet\Lib\Prowl.API\Help\Working\Output\Website\icons\privinterface.gif
C:\Program Files (x86)\Sandcastle\\Presentation\VS2010\icons\privmethod.gif -&gt; C:\Data\Development\SVN Checkouts\NuGardt\NuGardt Repo\dotnet\Lib\Prowl.API\Help\Working\Output\Website\icons\privmethod.gif
C:\Program Files (x86)\Sandcastle\\Presentation\VS2010\icons\privproperty.gif -&gt; C:\Data\Development\SVN Checkouts\NuGardt\NuGardt Repo\dotnet\Lib\Prowl.API\Help\Working\Output\Website\icons\privproperty.gif
C:\Program Files (x86)\Sandcastle\\Presentation\VS2010\icons\privstructure.gif -&gt; C:\Data\Development\SVN Checkouts\NuGardt\NuGardt Repo\dotnet\Lib\Prowl.API\Help\Working\Output\Website\icons\privstructure.gif
C:\Program Files (x86)\Sandcastle\\Presentation\VS2010\icons\protclass.gif -&gt; C:\Data\Development\SVN Checkouts\NuGardt\NuGardt Repo\dotnet\Lib\Prowl.API\Help\Working\Output\Website\icons\protclass.gif
C:\Program Files (x86)\Sandcastle\\Presentation\VS2010\icons\protdelegate.gif -&gt; C:\Data\Development\SVN Checkouts\NuGardt\NuGardt Repo\dotnet\Lib\Prowl.API\Help\Working\Output\Website\icons\protdelegate.gif
C:\Program Files (x86)\Sandcastle\\Presentation\VS2010\icons\protenumeration.gif -&gt; C:\Data\Development\SVN Checkouts\NuGardt\NuGardt Repo\dotnet\Lib\Prowl.API\Help\Working\Output\Website\icons\protenumeration.gif
C:\Program Files (x86)\Sandcastle\\Presentation\VS2010\icons\protevent.gif -&gt; C:\Data\Development\SVN Checkouts\NuGardt\NuGardt Repo\dotnet\Lib\Prowl.API\Help\Working\Output\Website\icons\protevent.gif
C:\Program Files (x86)\Sandcastle\\Presentation\VS2010\icons\protextension.gif -&gt; C:\Data\Development\SVN Checkouts\NuGardt\NuGardt Repo\dotnet\Lib\Prowl.API\Help\Working\Output\Website\icons\protextension.gif
C:\Program Files (x86)\Sandcastle\\Presentation\VS2010\icons\protfield.gif -&gt; C:\Data\Development\SVN Checkouts\NuGardt\NuGardt Repo\dotnet\Lib\Prowl.API\Help\Working\Output\Website\icons\protfield.gif
C:\Program Files (x86)\Sandcastle\\Presentation\VS2010\icons\protinterface.gif -&gt; C:\Data\Development\SVN Checkouts\NuGardt\NuGardt Repo\dotnet\Lib\Prowl.API\Help\Working\Output\Website\icons\protinterface.gif
C:\Program Files (x86)\Sandcastle\\Presentation\VS2010\icons\protmethod.gif -&gt; C:\Data\Development\SVN Checkouts\NuGardt\NuGardt Repo\dotnet\Lib\Prowl.API\Help\Working\Output\Website\icons\protmethod.gif
C:\Program Files (x86)\Sandcastle\\Presentation\VS2010\icons\protoperator.gif -&gt; C:\Data\Development\SVN Checkouts\NuGardt\NuGardt Repo\dotnet\Lib\Prowl.API\Help\Working\Output\Website\icons\protoperator.gif
C:\Program Files (x86)\Sandcastle\\Presentation\VS2010\icons\protproperty.gif -&gt; C:\Data\Development\SVN Checkouts\NuGardt\NuGardt Repo\dotnet\Lib\Prowl.API\Help\Working\Output\Website\icons\protproperty.gif
C:\Program Files (x86)\Sandcastle\\Presentation\VS2010\icons\protstructure.gif -&gt; C:\Data\Development\SVN Checkouts\NuGardt\NuGardt Repo\dotnet\Lib\Prowl.API\Help\Working\Output\Website\icons\protstructure.gif
C:\Program Files (x86)\Sandcastle\\Presentation\VS2010\icons\pubclass.gif -&gt; C:\Data\Development\SVN Checkouts\NuGardt\NuGardt Repo\dotnet\Lib\Prowl.API\Help\Working\Output\Website\icons\pubclass.gif
C:\Program Files (x86)\Sandcastle\\Presentation\VS2010\icons\pubdelegate.gif -&gt; C:\Data\Development\SVN Checkouts\NuGardt\NuGardt Repo\dotnet\Lib\Prowl.API\Help\Working\Output\Website\icons\pubdelegate.gif
C:\Program Files (x86)\Sandcastle\\Presentation\VS2010\icons\pubenumeration.gif -&gt; C:\Data\Development\SVN Checkouts\NuGardt\NuGardt Repo\dotnet\Lib\Prowl.API\Help\Working\Output\Website\icons\pubenumeration.gif
C:\Program Files (x86)\Sandcastle\\Presentation\VS2010\icons\pubevent.gif -&gt; C:\Data\Development\SVN Checkouts\NuGardt\NuGardt Repo\dotnet\Lib\Prowl.API\Help\Working\Output\Website\icons\pubevent.gif
C:\Program Files (x86)\Sandcastle\\Presentation\VS2010\icons\pubextension.gif -&gt; C:\Data\Development\SVN Checkouts\NuGardt\NuGardt Repo\dotnet\Lib\Prowl.API\Help\Working\Output\Website\icons\pubextension.gif
C:\Program Files (x86)\Sandcastle\\Presentation\VS2010\icons\pubfield.gif -&gt; C:\Data\Development\SVN Checkouts\NuGardt\NuGardt Repo\dotnet\Lib\Prowl.API\Help\Working\Output\Website\icons\pubfield.gif
C:\Program Files (x86)\Sandcastle\\Presentation\VS2010\icons\pubinterface.gif -&gt; C:\Data\Development\SVN Checkouts\NuGardt\NuGardt Repo\dotnet\Lib\Prowl.API\Help\Working\Output\Website\icons\pubinterface.gif
C:\Program Files (x86)\Sandcastle\\Presentation\VS2010\icons\pubmethod.gif -&gt; C:\Data\Development\SVN Checkouts\NuGardt\NuGardt Repo\dotnet\Lib\Prowl.API\Help\Working\Output\Website\icons\pubmethod.gif
C:\Program Files (x86)\Sandcastle\\Presentation\VS2010\icons\puboperator.gif -&gt; C:\Data\Development\SVN Checkouts\NuGardt\NuGardt Repo\dotnet\Lib\Prowl.API\Help\Working\Output\Website\icons\puboperator.gif
C:\Program Files (x86)\Sandcastle\\Presentation\VS2010\icons\pubproperty.gif -&gt; C:\Data\Development\SVN Checkouts\NuGardt\NuGardt Repo\dotnet\Lib\Prowl.API\Help\Working\Output\Website\icons\pubproperty.gif
C:\Program Files (x86)\Sandcastle\\Presentation\VS2010\icons\pubstructure.gif -&gt; C:\Data\Development\SVN Checkouts\NuGardt\NuGardt Repo\dotnet\Lib\Prowl.API\Help\Working\Output\Website\icons\pubstructure.gif
C:\Program Files (x86)\Sandcastle\\Presentation\VS2010\icons\search.gif -&gt; C:\Data\Development\SVN Checkouts\NuGardt\NuGardt Repo\dotnet\Lib\Prowl.API\Help\Working\Output\Website\icons\search.gif
C:\Program Files (x86)\Sandcastle\\Presentation\VS2010\icons\search_bk.gif -&gt; C:\Data\Development\SVN Checkouts\NuGardt\NuGardt Repo\dotnet\Lib\Prowl.API\Help\Working\Output\Website\icons\search_bk.gif
C:\Program Files (x86)\Sandcastle\\Presentation\VS2010\icons\security.gif -&gt; C:\Data\Development\SVN Checkouts\NuGardt\NuGardt Repo\dotnet\Lib\Prowl.API\Help\Working\Output\Website\icons\security.gif
C:\Program Files (x86)\Sandcastle\\Presentation\VS2010\icons\slMobile.gif -&gt; C:\Data\Development\SVN Checkouts\NuGardt\NuGardt Repo\dotnet\Lib\Prowl.API\Help\Working\Output\Website\icons\slMobile.gif
C:\Program Files (x86)\Sandcastle\\Presentation\VS2010\icons\static.gif -&gt; C:\Data\Development\SVN Checkouts\NuGardt\NuGardt Repo\dotnet\Lib\Prowl.API\Help\Working\Output\Website\icons\static.gif
C:\Program Files (x86)\Sandcastle\\Presentation\VS2010\icons\tabLeftBG.gif -&gt; C:\Data\Development\SVN Checkouts\NuGardt\NuGardt Repo\dotnet\Lib\Prowl.API\Help\Working\Output\Website\icons\tabLeftBG.gif
C:\Program Files (x86)\Sandcastle\\Presentation\VS2010\icons\tabRightBG.gif -&gt; C:\Data\Development\SVN Checkouts\NuGardt\NuGardt Repo\dotnet\Lib\Prowl.API\Help\Working\Output\Website\icons\tabRightBG.gif
C:\Program Files (x86)\Sandcastle\\Presentation\VS2010\icons\ui_om_collapse.gif -&gt; C:\Data\Development\SVN Checkouts\NuGardt\NuGardt Repo\dotnet\Lib\Prowl.API\Help\Working\Output\Website\icons\ui_om_collapse.gif
C:\Program Files (x86)\Sandcastle\\Presentation\VS2010\icons\ui_om_expand.gif -&gt; C:\Data\Development\SVN Checkouts\NuGardt\NuGardt Repo\dotnet\Lib\Prowl.API\Help\Working\Output\Website\icons\ui_om_expand.gif
C:\Program Files (x86)\Sandcastle\\Presentation\VS2010\icons\xna.gif -&gt; C:\Data\Development\SVN Checkouts\NuGardt\NuGardt Repo\dotnet\Lib\Prowl.API\Help\Working\Output\Website\icons\xna.gif
C:\Program Files (x86)\Sandcastle\\Presentation\VS2010\scripts\branding.js -&gt; C:\Data\Development\SVN Checkouts\NuGardt\NuGardt Repo\dotnet\Lib\Prowl.API\Help\Working\Output\Website\scripts\branding.js
C:\Program Files (x86)\Sandcastle\\Presentation\VS2010\styles\branding-cs-CZ.css -&gt; C:\Data\Development\SVN Checkouts\NuGardt\NuGardt Repo\dotnet\Lib\Prowl.API\Help\Working\Output\Website\styles\branding-cs-CZ.css
C:\Program Files (x86)\Sandcastle\\Presentation\VS2010\styles\branding-de-DE.css -&gt; C:\Data\Development\SVN Checkouts\NuGardt\NuGardt Repo\dotnet\Lib\Prowl.API\Help\Working\Output\Website\styles\branding-de-DE.css
C:\Program Files (x86)\Sandcastle\\Presentation\VS2010\styles\branding-en-US.css -&gt; C:\Data\Development\SVN Checkouts\NuGardt\NuGardt Repo\dotnet\Lib\Prowl.API\Help\Working\Output\Website\styles\branding-en-US.css
C:\Program Files (x86)\Sandcastle\\Presentation\VS2010\styles\branding-es-ES.css -&gt; C:\Data\Development\SVN Checkouts\NuGardt\NuGardt Repo\dotnet\Lib\Prowl.API\Help\Working\Output\Website\styles\branding-es-ES.css
C:\Program Files (x86)\Sandcastle\\Presentation\VS2010\styles\branding-fr-FR.css -&gt; C:\Data\Development\SVN Checkouts\NuGardt\NuGardt Repo\dotnet\Lib\Prowl.API\Help\Working\Output\Website\styles\branding-fr-FR.css
C:\Program Files (x86)\Sandcastle\\Presentation\VS2010\styles\branding-it-IT.css -&gt; C:\Data\Development\SVN Checkouts\NuGardt\NuGardt Repo\dotnet\Lib\Prowl.API\Help\Working\Output\Website\styles\branding-it-IT.css
C:\Program Files (x86)\Sandcastle\\Presentation\VS2010\styles\branding-ja-JP.css -&gt; C:\Data\Development\SVN Checkouts\NuGardt\NuGardt Repo\dotnet\Lib\Prowl.API\Help\Working\Output\Website\styles\branding-ja-JP.css
C:\Program Files (x86)\Sandcastle\\Presentation\VS2010\styles\branding-ko-KR.css -&gt; C:\Data\Development\SVN Checkouts\NuGardt\NuGardt Repo\dotnet\Lib\Prowl.API\Help\Working\Output\Website\styles\branding-ko-KR.css
C:\Program Files (x86)\Sandcastle\\Presentation\VS2010\styles\branding-pl-PL.css -&gt; C:\Data\Development\SVN Checkouts\NuGardt\NuGardt Repo\dotnet\Lib\Prowl.API\Help\Working\Output\Website\styles\branding-pl-PL.css
C:\Program Files (x86)\Sandcastle\\Presentation\VS2010\styles\branding-pt-BR.css -&gt; C:\Data\Development\SVN Checkouts\NuGardt\NuGardt Repo\dotnet\Lib\Prowl.API\Help\Working\Output\Website\styles\branding-pt-BR.css
C:\Program Files (x86)\Sandcastle\\Presentation\VS2010\styles\branding-ru-RU.css -&gt; C:\Data\Development\SVN Checkouts\NuGardt\NuGardt Repo\dotnet\Lib\Prowl.API\Help\Working\Output\Website\styles\branding-ru-RU.css
C:\Program Files (x86)\Sandcastle\\Presentation\VS2010\styles\branding-tr-TR.css -&gt; C:\Data\Development\SVN Checkouts\NuGardt\NuGardt Repo\dotnet\Lib\Prowl.API\Help\Working\Output\Website\styles\branding-tr-TR.css
C:\Program Files (x86)\Sandcastle\\Presentation\VS2010\styles\branding-zh-CN.css -&gt; C:\Data\Development\SVN Checkouts\NuGardt\NuGardt Repo\dotnet\Lib\Prowl.API\Help\Working\Output\Website\styles\branding-zh-CN.css
C:\Program Files (x86)\Sandcastle\\Presentation\VS2010\styles\branding-zh-TW.css -&gt; C:\Data\Development\SVN Checkouts\NuGardt\NuGardt Repo\dotnet\Lib\Prowl.API\Help\Working\Output\Website\styles\branding-zh-TW.css
C:\Program Files (x86)\Sandcastle\\Presentation\VS2010\styles\branding.css -&gt; C:\Data\Development\SVN Checkouts\NuGardt\NuGardt Repo\dotnet\Lib\Prowl.API\Help\Working\Output\Website\styles\branding.css
Copying help branding...
C:\Program Files (x86)\Sandcastle\\Presentation\VS2010\branding\dev10.mshc -&gt; C:\Data\Development\SVN Checkouts\NuGardt\NuGardt Repo\dotnet\Lib\Prowl.API\Help\Working\Output\Website\branding\
C:\Program Files (x86)\Sandcastle\\Presentation\VS2010\branding\dev10.mshc -&gt; C:\Data\Development\SVN Checkouts\NuGardt\NuGardt Repo\dotnet\Lib\Prowl.API\Help\Working\branding
    C:\Program Files (x86)\Sandcastle\\Presentation\VS2010\branding\dev10.mshc/body.xslt -> C:\Data\Development\SVN Checkouts\NuGardt\NuGardt Repo\dotnet\Lib\Prowl.API\Help\Working\branding\body.xslt
    C:\Program Files (x86)\Sandcastle\\Presentation\VS2010\branding\dev10.mshc/head.xslt -> C:\Data\Development\SVN Checkouts\NuGardt\NuGardt Repo\dotnet\Lib\Prowl.API\Help\Working\branding\head.xslt
    C:\Program Files (x86)\Sandcastle\\Presentation\VS2010\branding\dev10.mshc/CodeSnippet.xslt -> C:\Data\Development\SVN Checkouts\NuGardt\NuGardt Repo\dotnet\Lib\Prowl.API\Help\Working\branding\CodeSnippet.xslt
    C:\Program Files (x86)\Sandcastle\\Presentation\VS2010\branding\dev10.mshc/codesnippet-cs-CZ.xslt -> C:\Data\Development\SVN Checkouts\NuGardt\NuGardt Repo\dotnet\Lib\Prowl.API\Help\Working\branding\codesnippet-cs-CZ.xslt
    C:\Program Files (x86)\Sandcastle\\Presentation\VS2010\branding\dev10.mshc/codesnippet-de-DE.xslt -> C:\Data\Development\SVN Checkouts\NuGardt\NuGardt Repo\dotnet\Lib\Prowl.API\Help\Working\branding\codesnippet-de-DE.xslt
    C:\Program Files (x86)\Sandcastle\\Presentation\VS2010\branding\dev10.mshc/codesnippet-en-US.xslt -> C:\Data\Development\SVN Checkouts\NuGardt\NuGardt Repo\dotnet\Lib\Prowl.API\Help\Working\branding\codesnippet-en-US.xslt
    C:\Program Files (x86)\Sandcastle\\Presentation\VS2010\branding\dev10.mshc/codesnippet-es-ES.xslt -> C:\Data\Development\SVN Checkouts\NuGardt\NuGardt Repo\dotnet\Lib\Prowl.API\Help\Working\branding\codesnippet-es-ES.xslt
    C:\Program Files (x86)\Sandcastle\\Presentation\VS2010\branding\dev10.mshc/codesnippet-fr-FR.xslt -> C:\Data\Development\SVN Checkouts\NuGardt\NuGardt Repo\dotnet\Lib\Prowl.API\Help\Working\branding\codesnippet-fr-FR.xslt
    C:\Program Files (x86)\Sandcastle\\Presentation\VS2010\branding\dev10.mshc/codesnippet-it-IT.xslt -> C:\Data\Development\SVN Checkouts\NuGardt\NuGardt Repo\dotnet\Lib\Prowl.API\Help\Working\branding\codesnippet-it-IT.xslt
    C:\Program Files (x86)\Sandcastle\\Presentation\VS2010\branding\dev10.mshc/codesnippet-ja-JP.xslt -> C:\Data\Development\SVN Checkouts\NuGardt\NuGardt Repo\dotnet\Lib\Prowl.API\Help\Working\branding\codesnippet-ja-JP.xslt
    C:\Program Files (x86)\Sandcastle\\Presentation\VS2010\branding\dev10.mshc/codesnippet-ko-KR.xslt -> C:\Data\Development\SVN Checkouts\NuGardt\NuGardt Repo\dotnet\Lib\Prowl.API\Help\Working\branding\codesnippet-ko-KR.xslt
    C:\Program Files (x86)\Sandcastle\\Presentation\VS2010\branding\dev10.mshc/codesnippet-pl-PL.xslt -> C:\Data\Development\SVN Checkouts\NuGardt\NuGardt Repo\dotnet\Lib\Prowl.API\Help\Working\branding\codesnippet-pl-PL.xslt
    C:\Program Files (x86)\Sandcastle\\Presentation\VS2010\branding\dev10.mshc/codesnippet-pt-BR.xslt -> C:\Data\Development\SVN Checkouts\NuGardt\NuGardt Repo\dotnet\Lib\Prowl.API\Help\Working\branding\codesnippet-pt-BR.xslt
    C:\Program Files (x86)\Sandcastle\\Presentation\VS2010\branding\dev10.mshc/codesnippet-ru-RU.xslt -> C:\Data\Development\SVN Checkouts\NuGardt\NuGardt Repo\dotnet\Lib\Prowl.API\Help\Working\branding\codesnippet-ru-RU.xslt
    C:\Program Files (x86)\Sandcastle\\Presentation\VS2010\branding\dev10.mshc/codesnippet-tr-TR.xslt -> C:\Data\Development\SVN Checkouts\NuGardt\NuGardt Repo\dotnet\Lib\Prowl.API\Help\Working\branding\codesnippet-tr-TR.xslt
    C:\Program Files (x86)\Sandcastle\\Presentation\VS2010\branding\dev10.mshc/codesnippet-zh-CN.xslt -> C:\Data\Development\SVN Checkouts\NuGardt\NuGardt Repo\dotnet\Lib\Prowl.API\Help\Working\branding\codesnippet-zh-CN.xslt
    C:\Program Files (x86)\Sandcastle\\Presentation\VS2010\branding\dev10.mshc/codesnippet-zh-TW.xslt -> C:\Data\Development\SVN Checkouts\NuGardt\NuGardt Repo\dotnet\Lib\Prowl.API\Help\Working\branding\codesnippet-zh-TW.xslt
    C:\Program Files (x86)\Sandcastle\\Presentation\VS2010\branding\dev10.mshc/Identity.xslt -> C:\Data\Development\SVN Checkouts\NuGardt\NuGardt Repo\dotnet\Lib\Prowl.API\Help\Working\branding\Identity.xslt
    C:\Program Files (x86)\Sandcastle\\Presentation\VS2010\branding\dev10.mshc/InstrumentedLink.xslt -> C:\Data\Development\SVN Checkouts\NuGardt\NuGardt Repo\dotnet\Lib\Prowl.API\Help\Working\branding\InstrumentedLink.xslt
    C:\Program Files (x86)\Sandcastle\\Presentation\VS2010\branding\dev10.mshc/instrumentedlink-cs-CZ.xslt -> C:\Data\Development\SVN Checkouts\NuGardt\NuGardt Repo\dotnet\Lib\Prowl.API\Help\Working\branding\instrumentedlink-cs-CZ.xslt
    C:\Program Files (x86)\Sandcastle\\Presentation\VS2010\branding\dev10.mshc/instrumentedlink-de-DE.xslt -> C:\Data\Development\SVN Checkouts\NuGardt\NuGardt Repo\dotnet\Lib\Prowl.API\Help\Working\branding\instrumentedlink-de-DE.xslt
    C:\Program Files (x86)\Sandcastle\\Presentation\VS2010\branding\dev10.mshc/instrumentedlink-en-US.xslt -> C:\Data\Development\SVN Checkouts\NuGardt\NuGardt Repo\dotnet\Lib\Prowl.API\Help\Working\branding\instrumentedlink-en-US.xslt
    C:\Program Files (x86)\Sandcastle\\Presentation\VS2010\branding\dev10.mshc/instrumentedlink-es-ES.xslt -> C:\Data\Development\SVN Checkouts\NuGardt\NuGardt Repo\dotnet\Lib\Prowl.API\Help\Working\branding\instrumentedlink-es-ES.xslt
    C:\Program Files (x86)\Sandcastle\\Presentation\VS2010\branding\dev10.mshc/instrumentedlink-fr-FR.xslt -> C:\Data\Development\SVN Checkouts\NuGardt\NuGardt Repo\dotnet\Lib\Prowl.API\Help\Working\branding\instrumentedlink-fr-FR.xslt
    C:\Program Files (x86)\Sandcastle\\Presentation\VS2010\branding\dev10.mshc/instrumentedlink-it-IT.xslt -> C:\Data\Development\SVN Checkouts\NuGardt\NuGardt Repo\dotnet\Lib\Prowl.API\Help\Working\branding\instrumentedlink-it-IT.xslt
    C:\Program Files (x86)\Sandcastle\\Presentation\VS2010\branding\dev10.mshc/instrumentedlink-ja-JP.xslt -> C:\Data\Development\SVN Checkouts\NuGardt\NuGardt Repo\dotnet\Lib\Prowl.API\Help\Working\branding\instrumentedlink-ja-JP.xslt
    C:\Program Files (x86)\Sandcastle\\Presentation\VS2010\branding\dev10.mshc/instrumentedlink-ko-KR.xslt -> C:\Data\Development\SVN Checkouts\NuGardt\NuGardt Repo\dotnet\Lib\Prowl.API\Help\Working\branding\instrumentedlink-ko-KR.xslt
    C:\Program Files (x86)\Sandcastle\\Presentation\VS2010\branding\dev10.mshc/instrumentedlink-pl-PL.xslt -> C:\Data\Development\SVN Checkouts\NuGardt\NuGardt Repo\dotnet\Lib\Prowl.API\Help\Working\branding\instrumentedlink-pl-PL.xslt
    C:\Program Files (x86)\Sandcastle\\Presentation\VS2010\branding\dev10.mshc/instrumentedlink-pt-BR.xslt -> C:\Data\Development\SVN Checkouts\NuGardt\NuGardt Repo\dotnet\Lib\Prowl.API\Help\Working\branding\instrumentedlink-pt-BR.xslt
    C:\Program Files (x86)\Sandcastle\\Presentation\VS2010\branding\dev10.mshc/instrumentedlink-ru-RU.xslt -> C:\Data\Development\SVN Checkouts\NuGardt\NuGardt Repo\dotnet\Lib\Prowl.API\Help\Working\branding\instrumentedlink-ru-RU.xslt
    C:\Program Files (x86)\Sandcastle\\Presentation\VS2010\branding\dev10.mshc/instrumentedlink-tr-TR.xslt -> C:\Data\Development\SVN Checkouts\NuGardt\NuGardt Repo\dotnet\Lib\Prowl.API\Help\Working\branding\instrumentedlink-tr-TR.xslt
    C:\Program Files (x86)\Sandcastle\\Presentation\VS2010\branding\dev10.mshc/instrumentedlink-zh-CN.xslt -> C:\Data\Development\SVN Checkouts\NuGardt\NuGardt Repo\dotnet\Lib\Prowl.API\Help\Working\branding\instrumentedlink-zh-CN.xslt
    C:\Program Files (x86)\Sandcastle\\Presentation\VS2010\branding\dev10.mshc/instrumentedlink-zh-TW.xslt -> C:\Data\Development\SVN Checkouts\NuGardt\NuGardt Repo\dotnet\Lib\Prowl.API\Help\Working\branding\instrumentedlink-zh-TW.xslt
    C:\Program Files (x86)\Sandcastle\\Presentation\VS2010\branding\dev10.mshc/LanguageSpecificText.xslt -> C:\Data\Development\SVN Checkouts\NuGardt\NuGardt Repo\dotnet\Lib\Prowl.API\Help\Working\branding\LanguageSpecificText.xslt
    C:\Program Files (x86)\Sandcastle\\Presentation\VS2010\branding\dev10.mshc/MultiViewTable.xslt -> C:\Data\Development\SVN Checkouts\NuGardt\NuGardt Repo\dotnet\Lib\Prowl.API\Help\Working\branding\MultiViewTable.xslt
    C:\Program Files (x86)\Sandcastle\\Presentation\VS2010\branding\dev10.mshc/MultiViewTable-cs-CZ.xslt -> C:\Data\Development\SVN Checkouts\NuGardt\NuGardt Repo\dotnet\Lib\Prowl.API\Help\Working\branding\MultiViewTable-cs-CZ.xslt
    C:\Program Files (x86)\Sandcastle\\Presentation\VS2010\branding\dev10.mshc/MultiViewTable-de-DE.xslt -> C:\Data\Development\SVN Checkouts\NuGardt\NuGardt Repo\dotnet\Lib\Prowl.API\Help\Working\branding\MultiViewTable-de-DE.xslt
    C:\Program Files (x86)\Sandcastle\\Presentation\VS2010\branding\dev10.mshc/MultiViewTable-en-US.xslt -> C:\Data\Development\SVN Checkouts\NuGardt\NuGardt Repo\dotnet\Lib\Prowl.API\Help\Working\branding\MultiViewTable-en-US.xslt
    C:\Program Files (x86)\Sandcastle\\Presentation\VS2010\branding\dev10.mshc/MultiViewTable-es-ES.xslt -> C:\Data\Development\SVN Checkouts\NuGardt\NuGardt Repo\dotnet\Lib\Prowl.API\Help\Working\branding\MultiViewTable-es-ES.xslt
    C:\Program Files (x86)\Sandcastle\\Presentation\VS2010\branding\dev10.mshc/MultiViewTable-fr-FR.xslt -> C:\Data\Development\SVN Checkouts\NuGardt\NuGardt Repo\dotnet\Lib\Prowl.API\Help\Working\branding\MultiViewTable-fr-FR.xslt
    C:\Program Files (x86)\Sandcastle\\Presentation\VS2010\branding\dev10.mshc/MultiViewTable-it-IT.xslt -> C:\Data\Development\SVN Checkouts\NuGardt\NuGardt Repo\dotnet\Lib\Prowl.API\Help\Working\branding\MultiViewTable-it-IT.xslt
    C:\Program Files (x86)\Sandcastle\\Presentation\VS2010\branding\dev10.mshc/MultiViewTable-ja-JP.xslt -> C:\Data\Development\SVN Checkouts\NuGardt\NuGardt Repo\dotnet\Lib\Prowl.API\Help\Working\branding\MultiViewTable-ja-JP.xslt
    C:\Program Files (x86)\Sandcastle\\Presentation\VS2010\branding\dev10.mshc/MultiViewTable-ko-KR.xslt -> C:\Data\Development\SVN Checkouts\NuGardt\NuGardt Repo\dotnet\Lib\Prowl.API\Help\Working\branding\MultiViewTable-ko-KR.xslt
    C:\Program Files (x86)\Sandcastle\\Presentation\VS2010\branding\dev10.mshc/MultiViewTable-pl-PL.xslt -> C:\Data\Development\SVN Checkouts\NuGardt\NuGardt Repo\dotnet\Lib\Prowl.API\Help\Working\branding\MultiViewTable-pl-PL.xslt
    C:\Program Files (x86)\Sandcastle\\Presentation\VS2010\branding\dev10.mshc/MultiViewTable-pt-BR.xslt -> C:\Data\Development\SVN Checkouts\NuGardt\NuGardt Repo\dotnet\Lib\Prowl.API\Help\Working\branding\MultiViewTable-pt-BR.xslt
    C:\Program Files (x86)\Sandcastle\\Presentation\VS2010\branding\dev10.mshc/MultiViewTable-ru-RU.xslt -> C:\Data\Development\SVN Checkouts\NuGardt\NuGardt Repo\dotnet\Lib\Prowl.API\Help\Working\branding\MultiViewTable-ru-RU.xslt
    C:\Program Files (x86)\Sandcastle\\Presentation\VS2010\branding\dev10.mshc/MultiViewTable-tr-TR.xslt -> C:\Data\Development\SVN Checkouts\NuGardt\NuGardt Repo\dotnet\Lib\Prowl.API\Help\Working\branding\MultiViewTable-tr-TR.xslt
    C:\Program Files (x86)\Sandcastle\\Presentation\VS2010\branding\dev10.mshc/MultiViewTable-zh-CN.xslt -> C:\Data\Development\SVN Checkouts\NuGardt\NuGardt Repo\dotnet\Lib\Prowl.API\Help\Working\branding\MultiViewTable-zh-CN.xslt
    C:\Program Files (x86)\Sandcastle\\Presentation\VS2010\branding\dev10.mshc/MultiViewTable-zh-TW.xslt -> C:\Data\Development\SVN Checkouts\NuGardt\NuGardt Repo\dotnet\Lib\Prowl.API\Help\Working\branding\MultiViewTable-zh-TW.xslt
    C:\Program Files (x86)\Sandcastle\\Presentation\VS2010\branding\dev10.mshc/index.xslt -> C:\Data\Development\SVN Checkouts\NuGardt\NuGardt Repo\dotnet\Lib\Prowl.API\Help\Working\branding\index.xslt
    C:\Program Files (x86)\Sandcastle\\Presentation\VS2010\branding\dev10.mshc/index-cs-CZ.xslt -> C:\Data\Development\SVN Checkouts\NuGardt\NuGardt Repo\dotnet\Lib\Prowl.API\Help\Working\branding\index-cs-CZ.xslt
    C:\Program Files (x86)\Sandcastle\\Presentation\VS2010\branding\dev10.mshc/index-de-DE.xslt -> C:\Data\Development\SVN Checkouts\NuGardt\NuGardt Repo\dotnet\Lib\Prowl.API\Help\Working\branding\index-de-DE.xslt
    C:\Program Files (x86)\Sandcastle\\Presentation\VS2010\branding\dev10.mshc/index-en-US.xslt -> C:\Data\Development\SVN Checkouts\NuGardt\NuGardt Repo\dotnet\Lib\Prowl.API\Help\Working\branding\index-en-US.xslt
    C:\Program Files (x86)\Sandcastle\\Presentation\VS2010\branding\dev10.mshc/index-es-ES.xslt -> C:\Data\Development\SVN Checkouts\NuGardt\NuGardt Repo\dotnet\Lib\Prowl.API\Help\Working\branding\index-es-ES.xslt
    C:\Program Files (x86)\Sandcastle\\Presentation\VS2010\branding\dev10.mshc/index-fr-FR.xslt -> C:\Data\Development\SVN Checkouts\NuGardt\NuGardt Repo\dotnet\Lib\Prowl.API\Help\Working\branding\index-fr-FR.xslt
    C:\Program Files (x86)\Sandcastle\\Presentation\VS2010\branding\dev10.mshc/index-it-IT.xslt -> C:\Data\Development\SVN Checkouts\NuGardt\NuGardt Repo\dotnet\Lib\Prowl.API\Help\Working\branding\index-it-IT.xslt
    C:\Program Files (x86)\Sandcastle\\Presentation\VS2010\branding\dev10.mshc/index-ja-JP.xslt -> C:\Data\Development\SVN Checkouts\NuGardt\NuGardt Repo\dotnet\Lib\Prowl.API\Help\Working\branding\index-ja-JP.xslt
    C:\Program Files (x86)\Sandcastle\\Presentation\VS2010\branding\dev10.mshc/index-ko-KR.xslt -> C:\Data\Development\SVN Checkouts\NuGardt\NuGardt Repo\dotnet\Lib\Prowl.API\Help\Working\branding\index-ko-KR.xslt
    C:\Program Files (x86)\Sandcastle\\Presentation\VS2010\branding\dev10.mshc/index-pl-PL.xslt -> C:\Data\Development\SVN Checkouts\NuGardt\NuGardt Repo\dotnet\Lib\Prowl.API\Help\Working\branding\index-pl-PL.xslt
    C:\Program Files (x86)\Sandcastle\\Presentation\VS2010\branding\dev10.mshc/index-pt-BR.xslt -> C:\Data\Development\SVN Checkouts\NuGardt\NuGardt Repo\dotnet\Lib\Prowl.API\Help\Working\branding\index-pt-BR.xslt
    C:\Program Files (x86)\Sandcastle\\Presentation\VS2010\branding\dev10.mshc/index-ru-RU.xslt -> C:\Data\Development\SVN Checkouts\NuGardt\NuGardt Repo\dotnet\Lib\Prowl.API\Help\Working\branding\index-ru-RU.xslt
    C:\Program Files (x86)\Sandcastle\\Presentation\VS2010\branding\dev10.mshc/index-tr-TR.xslt -> C:\Data\Development\SVN Checkouts\NuGardt\NuGardt Repo\dotnet\Lib\Prowl.API\Help\Working\branding\index-tr-TR.xslt
    C:\Program Files (x86)\Sandcastle\\Presentation\VS2010\branding\dev10.mshc/index-zh-CN.xslt -> C:\Data\Development\SVN Checkouts\NuGardt\NuGardt Repo\dotnet\Lib\Prowl.API\Help\Working\branding\index-zh-CN.xslt
    C:\Program Files (x86)\Sandcastle\\Presentation\VS2010\branding\dev10.mshc/index-zh-TW.xslt -> C:\Data\Development\SVN Checkouts\NuGardt\NuGardt Repo\dotnet\Lib\Prowl.API\Help\Working\branding\index-zh-TW.xslt
    C:\Program Files (x86)\Sandcastle\\Presentation\VS2010\branding\dev10.mshc/search.xslt -> C:\Data\Development\SVN Checkouts\NuGardt\NuGardt Repo\dotnet\Lib\Prowl.API\Help\Working\branding\search.xslt
    C:\Program Files (x86)\Sandcastle\\Presentation\VS2010\branding\dev10.mshc/search-cs-CZ.xslt -> C:\Data\Development\SVN Checkouts\NuGardt\NuGardt Repo\dotnet\Lib\Prowl.API\Help\Working\branding\search-cs-CZ.xslt
    C:\Program Files (x86)\Sandcastle\\Presentation\VS2010\branding\dev10.mshc/search-de-DE.xslt -> C:\Data\Development\SVN Checkouts\NuGardt\NuGardt Repo\dotnet\Lib\Prowl.API\Help\Working\branding\search-de-DE.xslt
    C:\Program Files (x86)\Sandcastle\\Presentation\VS2010\branding\dev10.mshc/search-en-US.xslt -> C:\Data\Development\SVN Checkouts\NuGardt\NuGardt Repo\dotnet\Lib\Prowl.API\Help\Working\branding\search-en-US.xslt
    C:\Program Files (x86)\Sandcastle\\Presentation\VS2010\branding\dev10.mshc/search-es-ES.xslt -> C:\Data\Development\SVN Checkouts\NuGardt\NuGardt Repo\dotnet\Lib\Prowl.API\Help\Working\branding\search-es-ES.xslt
    C:\Program Files (x86)\Sandcastle\\Presentation\VS2010\branding\dev10.mshc/search-fr-FR.xslt -> C:\Data\Development\SVN Checkouts\NuGardt\NuGardt Repo\dotnet\Lib\Prowl.API\Help\Working\branding\search-fr-FR.xslt
    C:\Program Files (x86)\Sandcastle\\Presentation\VS2010\branding\dev10.mshc/search-it-IT.xslt -> C:\Data\Development\SVN Checkouts\NuGardt\NuGardt Repo\dotnet\Lib\Prowl.API\Help\Working\branding\search-it-IT.xslt
    C:\Program Files (x86)\Sandcastle\\Presentation\VS2010\branding\dev10.mshc/search-ja-JP.xslt -> C:\Data\Development\SVN Checkouts\NuGardt\NuGardt Repo\dotnet\Lib\Prowl.API\Help\Working\branding\search-ja-JP.xslt
    C:\Program Files (x86)\Sandcastle\\Presentation\VS2010\branding\dev10.mshc/search-ko-KR.xslt -> C:\Data\Development\SVN Checkouts\NuGardt\NuGardt Repo\dotnet\Lib\Prowl.API\Help\Working\branding\search-ko-KR.xslt
    C:\Program Files (x86)\Sandcastle\\Presentation\VS2010\branding\dev10.mshc/search-pl-PL.xslt -> C:\Data\Development\SVN Checkouts\NuGardt\NuGardt Repo\dotnet\Lib\Prowl.API\Help\Working\branding\search-pl-PL.xslt
    C:\Program Files (x86)\Sandcastle\\Presentation\VS2010\branding\dev10.mshc/search-pt-BR.xslt -> C:\Data\Development\SVN Checkouts\NuGardt\NuGardt Repo\dotnet\Lib\Prowl.API\Help\Working\branding\search-pt-BR.xslt
    C:\Program Files (x86)\Sandcastle\\Presentation\VS2010\branding\dev10.mshc/search-ru-RU.xslt -> C:\Data\Development\SVN Checkouts\NuGardt\NuGardt Repo\dotnet\Lib\Prowl.API\Help\Working\branding\search-ru-RU.xslt
    C:\Program Files (x86)\Sandcastle\\Presentation\VS2010\branding\dev10.mshc/search-tr-TR.xslt -> C:\Data\Development\SVN Checkouts\NuGardt\NuGardt Repo\dotnet\Lib\Prowl.API\Help\Working\branding\search-tr-TR.xslt
    C:\Program Files (x86)\Sandcastle\\Presentation\VS2010\branding\dev10.mshc/search-zh-CN.xslt -> C:\Data\Development\SVN Checkouts\NuGardt\NuGardt Repo\dotnet\Lib\Prowl.API\Help\Working\branding\search-zh-CN.xslt
    C:\Program Files (x86)\Sandcastle\\Presentation\VS2010\branding\dev10.mshc/search-zh-TW.xslt -> C:\Data\Development\SVN Checkouts\NuGardt\NuGardt Repo\dotnet\Lib\Prowl.API\Help\Working\branding\search-zh-TW.xslt
    C:\Program Files (x86)\Sandcastle\\Presentation\VS2010\branding\dev10.mshc/toc.xslt -> C:\Data\Development\SVN Checkouts\NuGardt\NuGardt Repo\dotnet\Lib\Prowl.API\Help\Working\branding\toc.xslt
    C:\Program Files (x86)\Sandcastle\\Presentation\VS2010\branding\dev10.mshc/toc-cs-CZ.xslt -> C:\Data\Development\SVN Checkouts\NuGardt\NuGardt Repo\dotnet\Lib\Prowl.API\Help\Working\branding\toc-cs-CZ.xslt
    C:\Program Files (x86)\Sandcastle\\Presentation\VS2010\branding\dev10.mshc/toc-de-DE.xslt -> C:\Data\Development\SVN Checkouts\NuGardt\NuGardt Repo\dotnet\Lib\Prowl.API\Help\Working\branding\toc-de-DE.xslt
    C:\Program Files (x86)\Sandcastle\\Presentation\VS2010\branding\dev10.mshc/toc-en-US.xslt -> C:\Data\Development\SVN Checkouts\NuGardt\NuGardt Repo\dotnet\Lib\Prowl.API\Help\Working\branding\toc-en-US.xslt
    C:\Program Files (x86)\Sandcastle\\Presentation\VS2010\branding\dev10.mshc/toc-es-ES.xslt -> C:\Data\Development\SVN Checkouts\NuGardt\NuGardt Repo\dotnet\Lib\Prowl.API\Help\Working\branding\toc-es-ES.xslt
    C:\Program Files (x86)\Sandcastle\\Presentation\VS2010\branding\dev10.mshc/toc-fr-FR.xslt -> C:\Data\Development\SVN Checkouts\NuGardt\NuGardt Repo\dotnet\Lib\Prowl.API\Help\Working\branding\toc-fr-FR.xslt
    C:\Program Files (x86)\Sandcastle\\Presentation\VS2010\branding\dev10.mshc/toc-it-IT.xslt -> C:\Data\Development\SVN Checkouts\NuGardt\NuGardt Repo\dotnet\Lib\Prowl.API\Help\Working\branding\toc-it-IT.xslt
    C:\Program Files (x86)\Sandcastle\\Presentation\VS2010\branding\dev10.mshc/toc-ja-JP.xslt -> C:\Data\Development\SVN Checkouts\NuGardt\NuGardt Repo\dotnet\Lib\Prowl.API\Help\Working\branding\toc-ja-JP.xslt
    C:\Program Files (x86)\Sandcastle\\Presentation\VS2010\branding\dev10.mshc/toc-ko-KR.xslt -> C:\Data\Development\SVN Checkouts\NuGardt\NuGardt Repo\dotnet\Lib\Prowl.API\Help\Working\branding\toc-ko-KR.xslt
    C:\Program Files (x86)\Sandcastle\\Presentation\VS2010\branding\dev10.mshc/toc-pl-PL.xslt -> C:\Data\Development\SVN Checkouts\NuGardt\NuGardt Repo\dotnet\Lib\Prowl.API\Help\Working\branding\toc-pl-PL.xslt
    C:\Program Files (x86)\Sandcastle\\Presentation\VS2010\branding\dev10.mshc/toc-pt-BR.xslt -> C:\Data\Development\SVN Checkouts\NuGardt\NuGardt Repo\dotnet\Lib\Prowl.API\Help\Working\branding\toc-pt-BR.xslt
    C:\Program Files (x86)\Sandcastle\\Presentation\VS2010\branding\dev10.mshc/toc-ru-RU.xslt -> C:\Data\Development\SVN Checkouts\NuGardt\NuGardt Repo\dotnet\Lib\Prowl.API\Help\Working\branding\toc-ru-RU.xslt
    C:\Program Files (x86)\Sandcastle\\Presentation\VS2010\branding\dev10.mshc/toc-tr-TR.xslt -> C:\Data\Development\SVN Checkouts\NuGardt\NuGardt Repo\dotnet\Lib\Prowl.API\Help\Working\branding\toc-tr-TR.xslt
    C:\Program Files (x86)\Sandcastle\\Presentation\VS2010\branding\dev10.mshc/toc-zh-CN.xslt -> C:\Data\Development\SVN Checkouts\NuGardt\NuGardt Repo\dotnet\Lib\Prowl.API\Help\Working\branding\toc-zh-CN.xslt
    C:\Program Files (x86)\Sandcastle\\Presentation\VS2010\branding\dev10.mshc/toc-zh-TW.xslt -> C:\Data\Development\SVN Checkouts\NuGardt\NuGardt Repo\dotnet\Lib\Prowl.API\Help\Working\branding\toc-zh-TW.xslt
C:\Program Files (x86)\Sandcastle\\Presentation\VS2010\branding -&gt; C:\Data\Development\SVN Checkouts\NuGardt\NuGardt Repo\dotnet\Lib\Prowl.API\Help\Working\Output\Website\branding\
C:\Program Files (x86)\Sandcastle\\Presentation\VS2010\branding -&gt; C:\Data\Development\SVN Checkouts\NuGardt\NuGardt Repo\dotnet\Lib\Prowl.API\Help\Working\branding
    C:\Program Files (x86)\Sandcastle\Presentation\VS2010\branding\branding.xml -> C:\Data\Development\SVN Checkouts\NuGardt\NuGardt Repo\dotnet\Lib\Prowl.API\Help\Working\branding\branding.xml
    C:\Program Files (x86)\Sandcastle\Presentation\VS2010\branding\branding.xslt -> C:\Data\Development\SVN Checkouts\NuGardt\NuGardt Repo\dotnet\Lib\Prowl.API\Help\Working\branding\branding.xslt
    C:\Program Files (x86)\Sandcastle\Presentation\VS2010\branding\branding-cs-CZ.xslt -> C:\Data\Development\SVN Checkouts\NuGardt\NuGardt Repo\dotnet\Lib\Prowl.API\Help\Working\branding\branding-cs-CZ.xslt
    C:\Program Files (x86)\Sandcastle\Presentation\VS2010\branding\branding-de-DE.xslt -> C:\Data\Development\SVN Checkouts\NuGardt\NuGardt Repo\dotnet\Lib\Prowl.API\Help\Working\branding\branding-de-DE.xslt
    C:\Program Files (x86)\Sandcastle\Presentation\VS2010\branding\branding-en-US.xslt -> C:\Data\Development\SVN Checkouts\NuGardt\NuGardt Repo\dotnet\Lib\Prowl.API\Help\Working\branding\branding-en-US.xslt
    C:\Program Files (x86)\Sandcastle\Presentation\VS2010\branding\branding-es-ES.xslt -> C:\Data\Development\SVN Checkouts\NuGardt\NuGardt Repo\dotnet\Lib\Prowl.API\Help\Working\branding\branding-es-ES.xslt
    C:\Program Files (x86)\Sandcastle\Presentation\VS2010\branding\branding-fr-FR.xslt -> C:\Data\Development\SVN Checkouts\NuGardt\NuGardt Repo\dotnet\Lib\Prowl.API\Help\Working\branding\branding-fr-FR.xslt
    C:\Program Files (x86)\Sandcastle\Presentation\VS2010\branding\branding-it-IT.xslt -> C:\Data\Development\SVN Checkouts\NuGardt\NuGardt Repo\dotnet\Lib\Prowl.API\Help\Working\branding\branding-it-IT.xslt
    C:\Program Files (x86)\Sandcastle\Presentation\VS2010\branding\branding-ja-JP.xslt -> C:\Data\Development\SVN Checkouts\NuGardt\NuGardt Repo\dotnet\Lib\Prowl.API\Help\Working\branding\branding-ja-JP.xslt
    C:\Program Files (x86)\Sandcastle\Presentation\VS2010\branding\branding-ko-KR.xslt -> C:\Data\Development\SVN Checkouts\NuGardt\NuGardt Repo\dotnet\Lib\Prowl.API\Help\Working\branding\branding-ko-KR.xslt
    C:\Program Files (x86)\Sandcastle\Presentation\VS2010\branding\branding-pl-PL.xslt -> C:\Data\Development\SVN Checkouts\NuGardt\NuGardt Repo\dotnet\Lib\Prowl.API\Help\Working\branding\branding-pl-PL.xslt
    C:\Program Files (x86)\Sandcastle\Presentation\VS2010\branding\branding-pt-BR.xslt -> C:\Data\Development\SVN Checkouts\NuGardt\NuGardt Repo\dotnet\Lib\Prowl.API\Help\Working\branding\branding-pt-BR.xslt
    C:\Program Files (x86)\Sandcastle\Presentation\VS2010\branding\branding-ru-RU.xslt -> C:\Data\Development\SVN Checkouts\NuGardt\NuGardt Repo\dotnet\Lib\Prowl.API\Help\Working\branding\branding-ru-RU.xslt
    C:\Program Files (x86)\Sandcastle\Presentation\VS2010\branding\branding-tr-TR.xslt -> C:\Data\Development\SVN Checkouts\NuGardt\NuGardt Repo\dotnet\Lib\Prowl.API\Help\Working\branding\branding-tr-TR.xslt
    C:\Program Files (x86)\Sandcastle\Presentation\VS2010\branding\branding-zh-CN.xslt -> C:\Data\Development\SVN Checkouts\NuGardt\NuGardt Repo\dotnet\Lib\Prowl.API\Help\Working\branding\branding-zh-CN.xslt
    C:\Program Files (x86)\Sandcastle\Presentation\VS2010\branding\branding-zh-TW.xslt -> C:\Data\Development\SVN Checkouts\NuGardt\NuGardt Repo\dotnet\Lib\Prowl.API\Help\Working\branding\branding-zh-TW.xslt
    C:\Program Files (x86)\Sandcastle\Presentation\VS2010\branding\ps-body.xslt -> C:\Data\Development\SVN Checkouts\NuGardt\NuGardt Repo\dotnet\Lib\Prowl.API\Help\Working\branding\ps-body.xslt
    C:\Program Files (x86)\Sandcastle\Presentation\VS2010\branding\ps-head.xslt -> C:\Data\Development\SVN Checkouts\NuGardt\NuGardt Repo\dotnet\Lib\Prowl.API\Help\Working\branding\ps-head.xslt
    C:\Program Files (x86)\Sandcastle\Presentation\VS2010\branding\ps-foot.xslt -> C:\Data\Development\SVN Checkouts\NuGardt\NuGardt Repo\dotnet\Lib\Prowl.API\Help\Working\branding\ps-foot.xslt
    C:\Program Files (x86)\Sandcastle\Presentation\VS2010\branding\ps-collapsibleArea.xslt -> C:\Data\Development\SVN Checkouts\NuGardt\NuGardt Repo\dotnet\Lib\Prowl.API\Help\Working\branding\ps-collapsibleArea.xslt
    C:\Program Files (x86)\Sandcastle\Presentation\VS2010\branding\ps-instrumentedLink.xslt -> C:\Data\Development\SVN Checkouts\NuGardt\NuGardt Repo\dotnet\Lib\Prowl.API\Help\Working\branding\ps-instrumentedLink.xslt
    C:\Program Files (x86)\Sandcastle\Presentation\VS2010\branding\ps-languageSpecificText.xslt -> C:\Data\Development\SVN Checkouts\NuGardt\NuGardt Repo\dotnet\Lib\Prowl.API\Help\Working\branding\ps-languageSpecificText.xslt
    C:\Program Files (x86)\Sandcastle\Presentation\VS2010\branding\ps-codesnippet.xslt -> C:\Data\Development\SVN Checkouts\NuGardt\NuGardt Repo\dotnet\Lib\Prowl.API\Help\Working\branding\ps-codesnippet.xslt
    Last step completed in 00:00:00.4088
</buildStep>
<buildStep step="CopyAdditionalContent">
Copying additional content files...
No additional content to copy
    Last step completed in 00:00:00.0060
</buildStep>
<buildStep step="MergeTablesOfContents">
Merging conceptual and additional tables of contents...
    Last step completed in 00:00:00.0020
</buildStep>
<buildStep step="GenerateIntermediateTableOfContents">
Generating intermediate table of contents file...
[C:\Windows\Microsoft.NET\Framework64\v4.0.30319\MSBuild.exe]
  XslTransform (v2.7.3.0)
  Copyright &#184; 2006-2013, Microsoft Corporation, All Rights Reserved.
  Portions Copyright &#184; 2006-2013, Eric Woodruff, All Rights Reserved.
  Info: Applying XSL transformation &#39;C:\Program Files (x86)\Sandcastle\\ProductionTransforms\CreateVSToc.xsl&#39;.
Generating conceptual content intermediate TOC file...
    Last step completed in 00:00:01.9114
</buildStep>
<buildStep step="CreateBuildAssemblerConfigs">
Creating Sandcastle configuration files...
    sandcastle.config
    Last step completed in 00:00:00.0570
</buildStep>
<buildStep step="MergeCustomConfigs">
Merging custom build component configurations
C:\Data\Development\SVN Checkouts\NuGardt\NuGardt Repo\dotnet\Lib\Prowl.API\Help\Working\sandcastle.config
    Added configuration for &#39;API Token Resolution&#39; before &#39;Show Missing Documentation Component&#39; (instance 1)
    Replacing default configuration for &#39;Code Block Component&#39; with the custom configuration
    Added configuration for &#39;IntelliSense Component&#39; after &#39;Show Missing Documentation Component&#39; (instance 1)
    Last step completed in 00:00:00.0430
</buildStep>
<buildStep step="BuildReferenceTopics">
Building reference help topics...
[C:\Windows\Microsoft.NET\Framework64\v4.0.30319\MSBuild.exe]
  BuildAssembler (v2.7.3.0)
  Copyright &#184; 2006-2013, Microsoft Corporation, All Rights Reserved.
  Portions Copyright &#184; 2006-2013, Eric Woodruff, All Rights Reserved.
  Info: Loading configuration...
  Info: Processing topics...
  Warn: ShowMissingComponent: [N:NuGardt.Prowl.API] Missing &lt;summary&gt; documentation
  Warn: ShowMissingComponent: [M:NuGardt.Prowl.API.ProwlService.AddNotification(System.String,System.String,System.String,System.String,NuGardt.Prowl.API.ProwlResult@,System.String,NuGardt.Prowl.API.eProwlPriority,System.String,System.Boolean)] Missing &lt;returns&gt; documentation
  Warn: ShowMissingComponent: [M:NuGardt.Prowl.API.ProwlService.AddNotification(System.String,System.String,System.String,System.String,NuGardt.Prowl.API.ProwlResult@,System.String,NuGardt.Prowl.API.eProwlPriority,System.String,System.Boolean)] Missing &lt;param name=&quot;NoSSL&quot;/&gt; documentation
  Warn: ShowMissingComponent: [M:NuGardt.Prowl.API.ProwlService.AddNotificationBegin(System.Object,System.String,System.String,System.String,System.String,System.AsyncCallback,System.String,NuGardt.Prowl.API.eProwlPriority,System.String,System.Boolean)] Missing &lt;returns&gt; documentation
  Warn: ShowMissingComponent: [M:NuGardt.Prowl.API.ProwlService.AddNotificationBegin(System.Object,System.String,System.String,System.String,System.String,System.AsyncCallback,System.String,NuGardt.Prowl.API.eProwlPriority,System.String,System.Boolean)] Missing &lt;param name=&quot;NoSSL&quot;/&gt; documentation
  Warn: ShowMissingComponent: [M:NuGardt.Prowl.API.ProwlService.AddNotificationEnd(System.IAsyncResult,System.Object@,NuGardt.Prowl.API.ProwlResult@)] Missing &lt;returns&gt; documentation
  Warn: ShowMissingComponent: [M:NuGardt.Prowl.API.ProwlService.QueryAndParseBegin(System.Object,System.String,System.AsyncCallback)] Missing &lt;summary&gt; documentation
  Warn: ShowMissingComponent: [M:NuGardt.Prowl.API.ProwlService.QueryAndParseBegin(System.Object,System.String,System.AsyncCallback)] Missing &lt;returns&gt; documentation
  Warn: ShowMissingComponent: [M:NuGardt.Prowl.API.ProwlService.QueryAndParseBegin(System.Object,System.String,System.AsyncCallback)] Missing &lt;param name=&quot;Key&quot;/&gt; documentation
  Warn: ShowMissingComponent: [M:NuGardt.Prowl.API.ProwlService.QueryAndParseBegin(System.Object,System.String,System.AsyncCallback)] Missing &lt;param name=&quot;URL&quot;/&gt; documentation
  Warn: ShowMissingComponent: [M:NuGardt.Prowl.API.ProwlService.QueryAndParseBegin(System.Object,System.String,System.AsyncCallback)] Missing &lt;param name=&quot;Callback&quot;/&gt; documentation
  Warn: ShowMissingComponent: [M:NuGardt.Prowl.API.ProwlService.QueryAndParseEnd(System.IAsyncResult,System.Object@,NuGardt.Prowl.API.ProwlResult@)] Missing &lt;summary&gt; documentation
  Warn: ShowMissingComponent: [M:NuGardt.Prowl.API.ProwlService.QueryAndParseEnd(System.IAsyncResult,System.Object@,NuGardt.Prowl.API.ProwlResult@)] Missing &lt;returns&gt; documentation
  Warn: ShowMissingComponent: [M:NuGardt.Prowl.API.ProwlService.QueryAndParseEnd(System.IAsyncResult,System.Object@,NuGardt.Prowl.API.ProwlResult@)] Missing &lt;param name=&quot;Result&quot;/&gt; documentation
  Warn: ShowMissingComponent: [M:NuGardt.Prowl.API.ProwlService.QueryAndParseEnd(System.IAsyncResult,System.Object@,NuGardt.Prowl.API.ProwlResult@)] Missing &lt;param name=&quot;Key&quot;/&gt; documentation
  Warn: ShowMissingComponent: [M:NuGardt.Prowl.API.ProwlService.QueryAndParseEnd(System.IAsyncResult,System.Object@,NuGardt.Prowl.API.ProwlResult@)] Missing &lt;param name=&quot;Response&quot;/&gt; documentation
  Warn: ShowMissingComponent: [M:NuGardt.Prowl.API.ProwlService.RetrieveApiKey(System.String,System.String,NuGardt.Prowl.API.ProwlResult@,System.Boolean)] Missing &lt;returns&gt; documentation
  Warn: ShowMissingComponent: [M:NuGardt.Prowl.API.ProwlService.RetrieveApiKey(System.String,System.String,NuGardt.Prowl.API.ProwlResult@,System.Boolean)] Missing &lt;param name=&quot;NoSSL&quot;/&gt; documentation
  Warn: ShowMissingComponent: [M:NuGardt.Prowl.API.ProwlService.RetrieveApiKeyBegin(System.Object,System.String,System.String,System.AsyncCallback,System.Boolean)] Missing &lt;returns&gt; documentation
  Warn: ShowMissingComponent: [M:NuGardt.Prowl.API.ProwlService.RetrieveApiKeyBegin(System.Object,System.String,System.String,System.AsyncCallback,System.Boolean)] Missing &lt;param name=&quot;NoSSL&quot;/&gt; documentation
  Warn: ShowMissingComponent: [M:NuGardt.Prowl.API.ProwlService.RetrieveApiKeyEnd(System.IAsyncResult,System.Object@,NuGardt.Prowl.API.ProwlResult@)] Missing &lt;returns&gt; documentation
  Warn: ShowMissingComponent: [M:NuGardt.Prowl.API.ProwlService.RetrieveToken(System.String,NuGardt.Prowl.API.ProwlResult@,System.Boolean)] Missing &lt;returns&gt; documentation
  Warn: ShowMissingComponent: [M:NuGardt.Prowl.API.ProwlService.RetrieveToken(System.String,NuGardt.Prowl.API.ProwlResult@,System.Boolean)] Missing &lt;param name=&quot;NoSSL&quot;/&gt; documentation
  Warn: ShowMissingComponent: [M:NuGardt.Prowl.API.ProwlService.RetrieveTokenBegin(System.Object,System.String,System.AsyncCallback,System.Boolean)] Missing &lt;returns&gt; documentation
  Warn: ShowMissingComponent: [M:NuGardt.Prowl.API.ProwlService.RetrieveTokenBegin(System.Object,System.String,System.AsyncCallback,System.Boolean)] Missing &lt;param name=&quot;NoSSL&quot;/&gt; documentation
  Warn: ShowMissingComponent: [M:NuGardt.Prowl.API.ProwlService.RetrieveTokenEnd(System.IAsyncResult,System.Object@,NuGardt.Prowl.API.ProwlResult@)] Missing &lt;returns&gt; documentation
  Warn: ShowMissingComponent: [M:NuGardt.Prowl.API.ProwlService.Verify(System.String,NuGardt.Prowl.API.ProwlResult@,System.String,System.Boolean)] Missing &lt;returns&gt; documentation
  Warn: ShowMissingComponent: [M:NuGardt.Prowl.API.ProwlService.Verify(System.String,NuGardt.Prowl.API.ProwlResult@,System.String,System.Boolean)] Missing &lt;param name=&quot;NoSSL&quot;/&gt; documentation
  Warn: ShowMissingComponent: [M:NuGardt.Prowl.API.ProwlService.VerifyBegin(System.Object,System.String,System.AsyncCallback,System.String,System.Boolean)] Missing &lt;returns&gt; documentation
  Warn: ShowMissingComponent: [M:NuGardt.Prowl.API.ProwlService.VerifyBegin(System.Object,System.String,System.AsyncCallback,System.String,System.Boolean)] Missing &lt;param name=&quot;NoSSL&quot;/&gt; documentation
  Warn: ShowMissingComponent: [M:NuGardt.Prowl.API.ProwlService.VerifyEnd(System.IAsyncResult,System.Object@,NuGardt.Prowl.API.ProwlResult@)] Missing &lt;returns&gt; documentation
  Info: Processed 54 topic(s)
  Info: 31 warning(s)
  Diagnostic: CopyFromIndexComponent: &quot;reflection&quot; in-memory cache entries used: 2 of 15.
  Diagnostic: CopyFromIndexComponent: &quot;comments&quot; in-memory cache entries used: 2 of 30.
    Last step completed in 00:00:04.4299
</buildStep>
<buildStep step="CombiningIntermediateTocFiles">
Combining conceptual and API intermediate TOC files...

Clearing any prior web output
    Last step completed in 00:00:00.0030
</buildStep>
<buildStep step="ExtractingHtmlInfo">
Extracting HTML info for HTML Help 1 and/or website...
[C:\Windows\Microsoft.NET\Framework64\v4.0.30319\MSBuild.exe]
Sandcastle Help File Builder, version 1.9.7.0
Copyright &#184; 2006-2013, Eric Woodruff, All Rights Reserved
E-Mail: Eric@EWoodruff.us

Using LCID &#39;1033&#39;, code page &#39;65001&#39;, encoding charset &#39;UTF-8&#39;.

Processing website files in C:\Data\Development\SVN Checkouts\NuGardt\NuGardt Repo\dotnet\Lib\Prowl.API\Help\Working\Output\Website
Processed 54 HTML files
Sorting keywords and generating See Also indices
Saving website keyword index to C:\Data\Development\SVN Checkouts\NuGardt\NuGardt Repo\dotnet\Lib\Prowl.API\Help\Working\WebKI.xml
Saving website table of contents to C:\Data\Development\SVN Checkouts\NuGardt\NuGardt Repo\dotnet\Lib\Prowl.API\Help\Working\WebTOC.xml
    Last step completed in 00:00:01.1072
</buildStep>
<buildStep step="GenerateHelpFormatTableOfContents">
Generating website table of contents file...
    Last step completed in 00:00:00.0040
</buildStep>
<buildStep step="GenerateFullTextIndex">
Generating full-text index for the website...

    Last step completed in 00:00:00.1450
</buildStep>
<buildStep step="CopyingWebsiteFiles">
Copying website files to output folder...

Copied 100 files
Copied 149 files for the website content
    Last step completed in 00:00:00.1150
</buildStep>
<buildStep step="CleanIntermediates">
Removing intermediate files...
    Last step completed in 00:00:00.2843
</buildStep>
<buildStep step="Completed">

Build completed successfully at 06.30.2013 10:43 .  Total time: 00:00:14,6569

</buildStep>
</shfbBuild>
